#set( $symbol_pound = '#' )
#set( $symbol_dollar = '$' )
#set( $symbol_escape = '\' )
<?xml version="1.0" encoding="UTF-8"?>
<!-- Generated by org.testng.reporters.JUnitXMLReporter -->
<testsuite ignored="0" hostname="ATMECSINDT-080" failures="0" tests="8" name="Test3" time="0.939" errors="0" timestamp="23 Oct 2019 11:36:28 GMT">
  <testcase classname="${package}.testbase.BaseClass" name="@BeforeClass openBrowser" time="0.174">
    <failure type="java.lang.IllegalStateException" message="The driver executable does not exist: C:${symbol_escape}Users${symbol_escape}sakthi.sekar${symbol_escape}eclipse-workspace${symbol_escape}${artifactId}${symbol_escape}lib${symbol_escape}geckodriver.exe">
      <![CDATA[java.lang.IllegalStateException: The driver executable does not exist: C:${symbol_escape}Users${symbol_escape}sakthi.sekar${symbol_escape}eclipse-workspace${symbol_escape}${artifactId}${symbol_escape}lib${symbol_escape}geckodriver.exe
at com.google.common.base.Preconditions.checkState(Preconditions.java:585)
at org.openqa.selenium.remote.service.DriverService.checkExecutable(DriverService.java:146)
at org.openqa.selenium.remote.service.DriverService.findExecutable(DriverService.java:141)
at org.openqa.selenium.firefox.GeckoDriverService.access${symbol_dollar}100(GeckoDriverService.java:44)
at org.openqa.selenium.firefox.GeckoDriverService${symbol_dollar}Builder.findDefaultExecutable(GeckoDriverService.java:167)
at org.openqa.selenium.remote.service.DriverService${symbol_dollar}Builder.build(DriverService.java:355)
at org.openqa.selenium.firefox.FirefoxDriver.toExecutor(FirefoxDriver.java:190)
at org.openqa.selenium.firefox.FirefoxDriver.<init>(FirefoxDriver.java:147)
at org.openqa.selenium.firefox.FirefoxDriver.<init>(FirefoxDriver.java:125)
at ${package}.testbase.BaseClass.openBrowser(BaseClass.java:50)
at java.base/jdk.internal.reflect.NativeMethodAccessorImpl.invoke0(Native Method)
at java.base/jdk.internal.reflect.NativeMethodAccessorImpl.invoke(NativeMethodAccessorImpl.java:62)
at java.base/jdk.internal.reflect.DelegatingMethodAccessorImpl.invoke(DelegatingMethodAccessorImpl.java:43)
at java.base/java.lang.reflect.Method.invoke(Method.java:567)
at org.testng.internal.MethodInvocationHelper.invokeMethod(MethodInvocationHelper.java:124)
at org.testng.internal.MethodInvocationHelper.invokeMethodConsideringTimeout(MethodInvocationHelper.java:59)
at org.testng.internal.Invoker.invokeConfigurationMethod(Invoker.java:458)
at org.testng.internal.Invoker.invokeConfigurations(Invoker.java:222)
at org.testng.internal.Invoker.invokeConfigurations(Invoker.java:142)
at org.testng.internal.TestMethodWorker.invokeBeforeClassMethods(TestMethodWorker.java:168)
at org.testng.internal.TestMethodWorker.run(TestMethodWorker.java:105)
at org.testng.TestRunner.privateRun(TestRunner.java:648)
at org.testng.TestRunner.run(TestRunner.java:505)
at org.testng.SuiteRunner.runTest(SuiteRunner.java:455)
at org.testng.SuiteRunner.access${symbol_dollar}000(SuiteRunner.java:40)
at org.testng.SuiteRunner${symbol_dollar}SuiteWorker.run(SuiteRunner.java:489)
at org.testng.internal.thread.ThreadUtil${symbol_dollar}1.call(ThreadUtil.java:52)
at java.base/java.util.concurrent.FutureTask.run(FutureTask.java:264)
at java.base/java.util.concurrent.ThreadPoolExecutor.runWorker(ThreadPoolExecutor.java:1128)
at java.base/java.util.concurrent.ThreadPoolExecutor${symbol_dollar}Worker.run(ThreadPoolExecutor.java:628)
at java.base/java.lang.Thread.run(Thread.java:835)
]]>
    </failure>
  </testcase> <!-- @BeforeClass openBrowser -->
  <testcase classname="${package}.testscripts.CreateAccounts" name="ClickOnRemoveSymbol" time="0.0">
    <skipped/>
  </testcase> <!-- ClickOnRemoveSymbol -->
  <testcase classname="${package}.testscripts.CreateAccounts" name="ClickOnMyAccount" time="0.0">
    <skipped/>
  </testcase> <!-- ClickOnMyAccount -->
  <testcase classname="${package}.testscripts.CreateAccounts" name="ClickOnSignUp" time="0.0">
    <skipped/>
  </testcase> <!-- ClickOnSignUp -->
  <testcase classname="${package}.testscripts.CreateAccounts" name="GetTestDataFromExcel" time="0.0">
    <skipped/>
  </testcase> <!-- GetTestDataFromExcel -->
  <testcase classname="${package}.testscripts.CreateAccounts" name="GetTestDataFromExcel" time="0.0">
    <skipped/>
  </testcase> <!-- GetTestDataFromExcel -->
  <testcase classname="${package}.testscripts.CreateAccounts" name="GetTestDataFromExcel" time="0.0">
    <skipped/>
  </testcase> <!-- GetTestDataFromExcel -->
  <testcase classname="${package}.testscripts.CreateAccounts" name="GetTestDataFromExcel" time="0.0">
    <skipped/>
  </testcase> <!-- GetTestDataFromExcel -->
  <testcase classname="${package}.testscripts.CreateAccounts" name="GetTestDataFromExcel" time="0.0">
    <skipped/>
  </testcase> <!-- GetTestDataFromExcel -->
</testsuite> <!-- Test3 -->
